0 info it worked if it ends with ok
1 verbose cli [ 'node', '/usr/local/bin/npm', 'publish' ]
2 info using npm@1.3.11
3 info using node@v0.10.21
4 verbose publish [ '.' ]
5 verbose cache add [ '.', null ]
6 verbose cache add name=undefined spec="." args=[".",null]
7 verbose parsed url { protocol: null,
7 verbose parsed url   slashes: null,
7 verbose parsed url   auth: null,
7 verbose parsed url   host: null,
7 verbose parsed url   port: null,
7 verbose parsed url   hostname: null,
7 verbose parsed url   hash: null,
7 verbose parsed url   search: null,
7 verbose parsed url   query: null,
7 verbose parsed url   pathname: '.',
7 verbose parsed url   path: '.',
7 verbose parsed url   href: '.' }
8 silly lockFile 3a52ce78- .
9 verbose lock . /Users/craig/.npm/3a52ce78-.lock
10 verbose tar pack [ '/var/folders/n1/r96x64mx6jzcbzkbz1ddrw6r0000gn/T/npm-17403-mwKIdgSd/1392230749161-0.19877004367299378/tmp.tgz',
10 verbose tar pack   '.' ]
11 verbose tarball /var/folders/n1/r96x64mx6jzcbzkbz1ddrw6r0000gn/T/npm-17403-mwKIdgSd/1392230749161-0.19877004367299378/tmp.tgz
12 verbose folder .
13 silly lockFile 1f1177db-tar tar://.
14 verbose lock tar://. /Users/craig/.npm/1f1177db-tar.lock
15 silly lockFile 29652e0d-9161-0-19877004367299378-tmp-tgz tar:///var/folders/n1/r96x64mx6jzcbzkbz1ddrw6r0000gn/T/npm-17403-mwKIdgSd/1392230749161-0.19877004367299378/tmp.tgz
16 verbose lock tar:///var/folders/n1/r96x64mx6jzcbzkbz1ddrw6r0000gn/T/npm-17403-mwKIdgSd/1392230749161-0.19877004367299378/tmp.tgz /Users/craig/.npm/29652e0d-9161-0-19877004367299378-tmp-tgz.lock
17 silly lockFile 1f1177db-tar tar://.
18 silly lockFile 1f1177db-tar tar://.
19 silly lockFile 29652e0d-9161-0-19877004367299378-tmp-tgz tar:///var/folders/n1/r96x64mx6jzcbzkbz1ddrw6r0000gn/T/npm-17403-mwKIdgSd/1392230749161-0.19877004367299378/tmp.tgz
20 silly lockFile 29652e0d-9161-0-19877004367299378-tmp-tgz tar:///var/folders/n1/r96x64mx6jzcbzkbz1ddrw6r0000gn/T/npm-17403-mwKIdgSd/1392230749161-0.19877004367299378/tmp.tgz
21 verbose tar unpack /var/folders/n1/r96x64mx6jzcbzkbz1ddrw6r0000gn/T/npm-17403-mwKIdgSd/1392230749161-0.19877004367299378/tmp.tgz
22 silly lockFile 54109e9c-9161-0-19877004367299378-package tar:///var/folders/n1/r96x64mx6jzcbzkbz1ddrw6r0000gn/T/npm-17403-mwKIdgSd/1392230749161-0.19877004367299378/package
23 verbose lock tar:///var/folders/n1/r96x64mx6jzcbzkbz1ddrw6r0000gn/T/npm-17403-mwKIdgSd/1392230749161-0.19877004367299378/package /Users/craig/.npm/54109e9c-9161-0-19877004367299378-package.lock
24 silly lockFile 29652e0d-9161-0-19877004367299378-tmp-tgz tar:///var/folders/n1/r96x64mx6jzcbzkbz1ddrw6r0000gn/T/npm-17403-mwKIdgSd/1392230749161-0.19877004367299378/tmp.tgz
25 verbose lock tar:///var/folders/n1/r96x64mx6jzcbzkbz1ddrw6r0000gn/T/npm-17403-mwKIdgSd/1392230749161-0.19877004367299378/tmp.tgz /Users/craig/.npm/29652e0d-9161-0-19877004367299378-tmp-tgz.lock
26 silly gunzTarPerm modes [ '755', '644' ]
27 silly gunzTarPerm extractEntry package.json
28 silly gunzTarPerm extractEntry README.md
29 silly gunzTarPerm extractEntry lib/index.js
30 silly lockFile 54109e9c-9161-0-19877004367299378-package tar:///var/folders/n1/r96x64mx6jzcbzkbz1ddrw6r0000gn/T/npm-17403-mwKIdgSd/1392230749161-0.19877004367299378/package
31 silly lockFile 54109e9c-9161-0-19877004367299378-package tar:///var/folders/n1/r96x64mx6jzcbzkbz1ddrw6r0000gn/T/npm-17403-mwKIdgSd/1392230749161-0.19877004367299378/package
32 silly lockFile 29652e0d-9161-0-19877004367299378-tmp-tgz tar:///var/folders/n1/r96x64mx6jzcbzkbz1ddrw6r0000gn/T/npm-17403-mwKIdgSd/1392230749161-0.19877004367299378/tmp.tgz
33 silly lockFile 29652e0d-9161-0-19877004367299378-tmp-tgz tar:///var/folders/n1/r96x64mx6jzcbzkbz1ddrw6r0000gn/T/npm-17403-mwKIdgSd/1392230749161-0.19877004367299378/tmp.tgz
34 verbose tar pack [ '/Users/craig/.npm/awsm-keypair-save/0.0.3/package.tgz',
34 verbose tar pack   '/var/folders/n1/r96x64mx6jzcbzkbz1ddrw6r0000gn/T/npm-17403-mwKIdgSd/1392230749161-0.19877004367299378/package' ]
35 verbose tarball /Users/craig/.npm/awsm-keypair-save/0.0.3/package.tgz
36 verbose folder /var/folders/n1/r96x64mx6jzcbzkbz1ddrw6r0000gn/T/npm-17403-mwKIdgSd/1392230749161-0.19877004367299378/package
37 silly lockFile 54109e9c-9161-0-19877004367299378-package tar:///var/folders/n1/r96x64mx6jzcbzkbz1ddrw6r0000gn/T/npm-17403-mwKIdgSd/1392230749161-0.19877004367299378/package
38 verbose lock tar:///var/folders/n1/r96x64mx6jzcbzkbz1ddrw6r0000gn/T/npm-17403-mwKIdgSd/1392230749161-0.19877004367299378/package /Users/craig/.npm/54109e9c-9161-0-19877004367299378-package.lock
39 silly lockFile 71775d40-m-keypair-save-0-0-3-package-tgz tar:///Users/craig/.npm/awsm-keypair-save/0.0.3/package.tgz
40 verbose lock tar:///Users/craig/.npm/awsm-keypair-save/0.0.3/package.tgz /Users/craig/.npm/71775d40-m-keypair-save-0-0-3-package-tgz.lock
41 silly lockFile 54109e9c-9161-0-19877004367299378-package tar:///var/folders/n1/r96x64mx6jzcbzkbz1ddrw6r0000gn/T/npm-17403-mwKIdgSd/1392230749161-0.19877004367299378/package
42 silly lockFile 54109e9c-9161-0-19877004367299378-package tar:///var/folders/n1/r96x64mx6jzcbzkbz1ddrw6r0000gn/T/npm-17403-mwKIdgSd/1392230749161-0.19877004367299378/package
43 silly lockFile 71775d40-m-keypair-save-0-0-3-package-tgz tar:///Users/craig/.npm/awsm-keypair-save/0.0.3/package.tgz
44 silly lockFile 71775d40-m-keypair-save-0-0-3-package-tgz tar:///Users/craig/.npm/awsm-keypair-save/0.0.3/package.tgz
45 silly lockFile a723ebb6--awsm-keypair-save-0-0-3-package /Users/craig/.npm/awsm-keypair-save/0.0.3/package
46 verbose lock /Users/craig/.npm/awsm-keypair-save/0.0.3/package /Users/craig/.npm/a723ebb6--awsm-keypair-save-0-0-3-package.lock
47 silly lockFile a723ebb6--awsm-keypair-save-0-0-3-package /Users/craig/.npm/awsm-keypair-save/0.0.3/package
48 silly lockFile a723ebb6--awsm-keypair-save-0-0-3-package /Users/craig/.npm/awsm-keypair-save/0.0.3/package
49 verbose tar unpack /Users/craig/.npm/awsm-keypair-save/0.0.3/package.tgz
50 silly lockFile 67814275--awsm-keypair-save-0-0-3-package tar:///Users/craig/.npm/awsm-keypair-save/0.0.3/package
51 verbose lock tar:///Users/craig/.npm/awsm-keypair-save/0.0.3/package /Users/craig/.npm/67814275--awsm-keypair-save-0-0-3-package.lock
52 silly lockFile 71775d40-m-keypair-save-0-0-3-package-tgz tar:///Users/craig/.npm/awsm-keypair-save/0.0.3/package.tgz
53 verbose lock tar:///Users/craig/.npm/awsm-keypair-save/0.0.3/package.tgz /Users/craig/.npm/71775d40-m-keypair-save-0-0-3-package-tgz.lock
54 silly gunzTarPerm modes [ '755', '644' ]
55 silly gunzTarPerm extractEntry package.json
56 silly gunzTarPerm extractEntry README.md
57 silly gunzTarPerm extractEntry lib/index.js
58 silly lockFile 67814275--awsm-keypair-save-0-0-3-package tar:///Users/craig/.npm/awsm-keypair-save/0.0.3/package
59 silly lockFile 67814275--awsm-keypair-save-0-0-3-package tar:///Users/craig/.npm/awsm-keypair-save/0.0.3/package
60 silly lockFile 71775d40-m-keypair-save-0-0-3-package-tgz tar:///Users/craig/.npm/awsm-keypair-save/0.0.3/package.tgz
61 silly lockFile 71775d40-m-keypair-save-0-0-3-package-tgz tar:///Users/craig/.npm/awsm-keypair-save/0.0.3/package.tgz
62 verbose chmod /Users/craig/.npm/awsm-keypair-save/0.0.3/package.tgz 644
63 verbose chown /Users/craig/.npm/awsm-keypair-save/0.0.3/package.tgz [ 501, 20 ]
64 silly lockFile 3a52ce78- .
65 silly lockFile 3a52ce78- .
66 silly publish { name: 'awsm-keypair-save',
66 silly publish   version: '0.0.3',
66 silly publish   description: 'node-awsm-keypair-save ======================',
66 silly publish   main: './lib/index.js',
66 silly publish   scripts: { test: 'echo "Error: no test specified" && exit 1' },
66 silly publish   repository:
66 silly publish    { type: 'git',
66 silly publish      url: 'git://github.com/crcn/node-awsm-keypair-save.git' },
66 silly publish   author: '',
66 silly publish   license: 'BSD-2-Clause',
66 silly publish   bugs: { url: 'https://github.com/crcn/node-awsm-keypair-save/issues' },
66 silly publish   dependencies: { outcome: '0.0.18', mkdirp: '~0.3.5' },
66 silly publish   readme: 'node-awsm-keypair-save\n======================\n\nadds a chained command for saving keypair material to disc\n',
66 silly publish   readmeFilename: 'README.md',
66 silly publish   _id: 'awsm-keypair-save@0.0.3',
66 silly publish   dist: { shasum: '1c7e121187c2b3b1fc03d38238173230f172b80d' },
66 silly publish   _from: '.' }
67 verbose url raw awsm-keypair-save
68 verbose url resolving [ 'http://registry.npmjs.org/', './awsm-keypair-save' ]
69 verbose url resolved http://registry.npmjs.org/awsm-keypair-save
70 info trying registry request attempt 1 at 10:45:49
71 http PUT http://registry.npmjs.org/awsm-keypair-save
72 http 409 http://registry.npmjs.org/awsm-keypair-save
73 verbose url raw awsm-keypair-save
74 verbose url resolving [ 'http://registry.npmjs.org/', './awsm-keypair-save' ]
75 verbose url resolved http://registry.npmjs.org/awsm-keypair-save
76 info trying registry request attempt 1 at 10:45:50
77 http GET http://registry.npmjs.org/awsm-keypair-save
78 http 200 http://registry.npmjs.org/awsm-keypair-save
79 verbose uploading [ 'awsm-keypair-save/-/awsm-keypair-save-0.0.3.tgz/-rev/4-f432e31428fb7b696b83c0faf1491d61',
79 verbose uploading   '/Users/craig/.npm/awsm-keypair-save/0.0.3/package.tgz' ]
80 verbose url raw awsm-keypair-save/-/awsm-keypair-save-0.0.3.tgz/-rev/4-f432e31428fb7b696b83c0faf1491d61
81 verbose url resolving [ 'http://registry.npmjs.org/',
81 verbose url resolving   './awsm-keypair-save/-/awsm-keypair-save-0.0.3.tgz/-rev/4-f432e31428fb7b696b83c0faf1491d61' ]
82 verbose url resolved http://registry.npmjs.org/awsm-keypair-save/-/awsm-keypair-save-0.0.3.tgz/-rev/4-f432e31428fb7b696b83c0faf1491d61
83 info trying registry request attempt 1 at 10:45:50
84 http PUT http://registry.npmjs.org/awsm-keypair-save/-/awsm-keypair-save-0.0.3.tgz/-rev/4-f432e31428fb7b696b83c0faf1491d61
85 http 403 http://registry.npmjs.org/awsm-keypair-save/-/awsm-keypair-save-0.0.3.tgz/-rev/4-f432e31428fb7b696b83c0faf1491d61
86 info trying registry request attempt 1 at 10:45:51
87 http PUT http://registry.npmjs.org/awsm-keypair-save/-/awsm-keypair-save-0.0.3.tgz/-rev/4-f432e31428fb7b696b83c0faf1491d61
88 http 503 http://registry.npmjs.org/awsm-keypair-save/-/awsm-keypair-save-0.0.3.tgz/-rev/4-f432e31428fb7b696b83c0faf1491d61
89 verbose bad json <?xml version="1.0" encoding="utf-8"?>
89 verbose bad json <!DOCTYPE html PUBLIC "-//W3C//DTD XHTML 1.0 Strict//EN"
89 verbose bad json  "http://www.w3.org/TR/xhtml1/DTD/xhtml1-strict.dtd">
89 verbose bad json <html>
89 verbose bad json   <head>
89 verbose bad json     <title>503 client read error</title>
89 verbose bad json   </head>
89 verbose bad json   <body>
89 verbose bad json     <h1>Error 503 client read error</h1>
89 verbose bad json     <p>client read error</p>
89 verbose bad json     <h3>Guru Meditation:</h3>
89 verbose bad json     <p>XID: 1790249597</p>
89 verbose bad json     <hr>
89 verbose bad json     <p>Varnish cache server</p>
89 verbose bad json   </body>
89 verbose bad json </html>
90 error registry error parsing json
91 info retry will retry, error on last attempt: SyntaxError: Unexpected token <
91 info retry
91 info retry <?xml version="1.0" encoding="utf-8"?>
91 info retry <!DOCTYPE html PUBLIC "-//W3C//DTD XHTML 1.0 Strict//EN"
91 info retry  "http://www.w3.org/TR/xhtml1/DTD/xhtml1-strict.dtd">
91 info retry <html>
91 info retry   <head>
91 info retry     <title>503 client read error</title>
91 info retry   </head>
91 info retry   <body>
91 info retry     <h1>Error 503 client read error</h1>
91 info retry     <p>client read error</p>
91 info retry     <h3>Guru Meditation:</h3>
91 info retry     <p>XID: 1790249597</p>
91 info retry     <hr>
91 info retry     <p>Varnish cache server</p>
91 info retry   </body>
91 info retry </html>
92 info trying registry request attempt 2 at 10:46:11
93 http PUT http://registry.npmjs.org/awsm-keypair-save/-/awsm-keypair-save-0.0.3.tgz/-rev/4-f432e31428fb7b696b83c0faf1491d61
94 http 503 http://registry.npmjs.org/awsm-keypair-save/-/awsm-keypair-save-0.0.3.tgz/-rev/4-f432e31428fb7b696b83c0faf1491d61
95 verbose bad json <?xml version="1.0" encoding="utf-8"?>
95 verbose bad json <!DOCTYPE html PUBLIC "-//W3C//DTD XHTML 1.0 Strict//EN"
95 verbose bad json  "http://www.w3.org/TR/xhtml1/DTD/xhtml1-strict.dtd">
95 verbose bad json <html>
95 verbose bad json   <head>
95 verbose bad json     <title>503 client read error</title>
95 verbose bad json   </head>
95 verbose bad json   <body>
95 verbose bad json     <h1>Error 503 client read error</h1>
95 verbose bad json     <p>client read error</p>
95 verbose bad json     <h3>Guru Meditation:</h3>
95 verbose bad json     <p>XID: 3036558994</p>
95 verbose bad json     <hr>
95 verbose bad json     <p>Varnish cache server</p>
95 verbose bad json   </body>
95 verbose bad json </html>
96 error registry error parsing json
97 info retry will retry, error on last attempt: SyntaxError: Unexpected token <
97 info retry
97 info retry <?xml version="1.0" encoding="utf-8"?>
97 info retry <!DOCTYPE html PUBLIC "-//W3C//DTD XHTML 1.0 Strict//EN"
97 info retry  "http://www.w3.org/TR/xhtml1/DTD/xhtml1-strict.dtd">
97 info retry <html>
97 info retry   <head>
97 info retry     <title>503 client read error</title>
97 info retry   </head>
97 info retry   <body>
97 info retry     <h1>Error 503 client read error</h1>
97 info retry     <p>client read error</p>
97 info retry     <h3>Guru Meditation:</h3>
97 info retry     <p>XID: 3036558994</p>
97 info retry     <hr>
97 info retry     <p>Varnish cache server</p>
97 info retry   </body>
97 info retry </html>
98 info trying registry request attempt 3 at 10:47:21
99 http PUT http://registry.npmjs.org/awsm-keypair-save/-/awsm-keypair-save-0.0.3.tgz/-rev/4-f432e31428fb7b696b83c0faf1491d61
100 http 503 http://registry.npmjs.org/awsm-keypair-save/-/awsm-keypair-save-0.0.3.tgz/-rev/4-f432e31428fb7b696b83c0faf1491d61
101 verbose bad json <?xml version="1.0" encoding="utf-8"?>
101 verbose bad json <!DOCTYPE html PUBLIC "-//W3C//DTD XHTML 1.0 Strict//EN"
101 verbose bad json  "http://www.w3.org/TR/xhtml1/DTD/xhtml1-strict.dtd">
101 verbose bad json <html>
101 verbose bad json   <head>
101 verbose bad json     <title>503 client read error</title>
101 verbose bad json   </head>
101 verbose bad json   <body>
101 verbose bad json     <h1>Error 503 client read error</h1>
101 verbose bad json     <p>client read error</p>
101 verbose bad json     <h3>Guru Meditation:</h3>
101 verbose bad json     <p>XID: 4017380869</p>
101 verbose bad json     <hr>
101 verbose bad json     <p>Varnish cache server</p>
101 verbose bad json   </body>
101 verbose bad json </html>
102 error registry error parsing json
103 error publish Error uploading package
104 error SyntaxError: Unexpected token <
104 error
104 error <?xml version="1.0" encoding="utf-8"?>
104 error <!DOCTYPE html PUBLIC "-//W3C//DTD XHTML 1.0 Strict//EN"
104 error  "http://www.w3.org/TR/xhtml1/DTD/xhtml1-strict.dtd">
104 error <html>
104 error   <head>
104 error     <title>503 client read error</title>
104 error   </head>
104 error   <body>
104 error     <h1>Error 503 client read error</h1>
104 error     <p>client read error</p>
104 error     <h3>Guru Meditation:</h3>
104 error     <p>XID: 4017380869</p>
104 error     <hr>
104 error     <p>Varnish cache server</p>
104 error   </body>
104 error </html>
104 error
104 error     at Object.parse (native)
104 error     at RegClient.<anonymous> (/usr/local/lib/node_modules/npm/node_modules/npm-registry-client/lib/request.js:238:23)
104 error     at Request.self.callback (/usr/local/lib/node_modules/npm/node_modules/request/request.js:129:22)
104 error     at Request.EventEmitter.emit (events.js:98:17)
104 error     at Request.<anonymous> (/usr/local/lib/node_modules/npm/node_modules/request/request.js:873:14)
104 error     at Request.EventEmitter.emit (events.js:117:20)
104 error     at IncomingMessage.<anonymous> (/usr/local/lib/node_modules/npm/node_modules/request/request.js:824:12)
104 error     at IncomingMessage.EventEmitter.emit (events.js:117:20)
104 error     at _stream_readable.js:920:16
104 error     at process._tickCallback (node.js:415:13)
105 error If you need help, you may report this log at:
105 error     <http://github.com/isaacs/npm/issues>
105 error or email it to:
105 error     <npm-@googlegroups.com>
106 error System Darwin 13.0.0
107 error command "node" "/usr/local/bin/npm" "publish"
108 error cwd /Users/craig/Developer/Public/node-awsm-keypair-save
109 error node -v v0.10.21
110 error npm -v 1.3.11
111 error type unexpected_token
112 verbose exit [ 1, true ]
